<?xml version="1.0" encoding="UTF-8" ?>
<testsuites>
<testsuite name="Randomizerをコールする場合" errors="0" tests="1" failures="0" time="0" timestamp="2013-07-16T22:57:21">
  <testcase classname="Randomizerをコールする場合" name="#数字を返却する" time="0"></testcase>
</testsuite>
</testsuites>