<?xml version="1.0" encoding="UTF-8" ?>
<testsuites>
<testsuite name="returns titles" errors="0" tests="1" failures="0" time="0.002" timestamp="2013-07-16T22:57:21">
  <testcase classname="returns titles" name="returns titles" time="0.002"></testcase>
</testsuite>
</testsuites>